<?xml version="1.0" encoding="UTF-8"?>
<robot generator="Robot 4.1.1 (Python 3.9.7 on win32)" generated="20220213 18:22:59.133" rpa="false" schemaversion="2">
<suite id="s1" name="Home" source="D:\qafullstack\Git\saucedemo\Home.robot">
<test id="s1-t1" name="Logar com usuário válido e válidar página principal">
<kw name="Iniciando sessão" library="Base" type="SETUP">
<kw name="New Browser" library="Browser">
<arg>Chromium</arg>
<arg>headless=False</arg>
<arg>slowMo=00:00:01</arg>
<tag>BrowserControl</tag>
<tag>Setter</tag>
<doc>Create a new playwright Browser with specified options.</doc>
<msg timestamp="20220213 18:23:00.207" level="INFO">{"browser": "chromium", "headless": false, "handleSIGINT": true, "handleSIGTERM": true, "handleSIGHUP": true, "timeout": 30000.0, "devtools": false, "slowMo": 1000.0, "tracesDir": "D:\\qafullstack\\Git\\saucedemo\\logs\\browser\\traces\\71a630cb-e4aa-432f-bf8b-7a5436f4092a"}</msg>
<msg timestamp="20220213 18:23:00.659" level="INFO">Successfully created browser with options: {"browser":"chromium","headless":false,"handleSIGINT":true,"handleSIGTERM":true,"handleSIGHUP":true,"timeout":30000,"devtools":false,"slowMo":1000,"tracesDir":"D:\\qafullstack\\Git\\saucedemo\\logs\\browser\\traces\\71a630cb-e4aa-432f-bf8b-7a5436f4092a"}</msg>
<status status="PASS" starttime="20220213 18:23:00.207" endtime="20220213 18:23:00.659"/>
</kw>
<kw name="New Page" library="Browser">
<arg>${BASE_URL}</arg>
<tag>BrowserControl</tag>
<tag>Setter</tag>
<doc>Open a new Page. A Page is the Playwright equivalent to a tab.
See `Browser, Context and Page` for more information about Page concept.
Returns a stable identifier for the created page.</doc>
<msg timestamp="20220213 18:23:02.637" level="INFO">Successfully initialized new page object and opened url: https://www.saucedemo.com</msg>
<msg timestamp="20220213 18:23:02.637" level="INFO">No context was open. New context was automatically opened when this page is created.</msg>
<status status="PASS" starttime="20220213 18:23:00.659" endtime="20220213 18:23:02.638"/>
</kw>
<kw name="Set Viewport Size" library="Browser">
<arg>1280</arg>
<arg>768</arg>
<tag>BrowserControl</tag>
<tag>Setter</tag>
<doc>Sets current Pages viewport size to specified dimensions.</doc>
<msg timestamp="20220213 18:23:03.684" level="INFO">Set viewport size to: [object Object]</msg>
<status status="PASS" starttime="20220213 18:23:02.638" endtime="20220213 18:23:03.684"/>
</kw>
<kw name="Get Title" library="Browser">
<arg>equal</arg>
<arg>Swag Labs</arg>
<tag>Assertion</tag>
<tag>Getter</tag>
<tag>PageContent</tag>
<doc>Returns the title of the current page.</doc>
<status status="PASS" starttime="20220213 18:23:03.685" endtime="20220213 18:23:03.713"/>
</kw>
<status status="PASS" starttime="20220213 18:23:00.206" endtime="20220213 18:23:03.714"/>
</kw>
<kw name="Factory Usuariook" library="Users">
<var>${user}</var>
<msg timestamp="20220213 18:23:03.716" level="INFO">${user} = {'name': 'standard_user', 'senha': 'secret_sauce'}</msg>
<status status="PASS" starttime="20220213 18:23:03.715" endtime="20220213 18:23:03.716"/>
</kw>
<kw name="Realizando login" library="Actions">
<arg>${user}</arg>
<tag>login</tag>
<kw name="Click" library="Browser">
<arg>id=user-name</arg>
<tag>PageContent</tag>
<tag>Setter</tag>
<doc>Simulates mouse click on the element found by ``selector``.</doc>
<status status="PASS" starttime="20220213 18:23:03.717" endtime="20220213 18:23:04.787"/>
</kw>
<kw name="Fill Text" library="Browser">
<arg>id=user-name</arg>
<arg>${user}[name]</arg>
<tag>PageContent</tag>
<tag>Setter</tag>
<doc>Clears and fills the given ``txt`` into the text field found by ``selector``.</doc>
<msg timestamp="20220213 18:23:04.787" level="INFO">Fills the text 'standard_user' in the given field.</msg>
<status status="PASS" starttime="20220213 18:23:04.787" endtime="20220213 18:23:05.827"/>
</kw>
<kw name="Click" library="Browser">
<arg>id=password</arg>
<tag>PageContent</tag>
<tag>Setter</tag>
<doc>Simulates mouse click on the element found by ``selector``.</doc>
<status status="PASS" starttime="20220213 18:23:05.827" endtime="20220213 18:23:06.870"/>
</kw>
<kw name="Fill Text" library="Browser">
<arg>id=password</arg>
<arg>${user}[senha]</arg>
<tag>PageContent</tag>
<tag>Setter</tag>
<doc>Clears and fills the given ``txt`` into the text field found by ``selector``.</doc>
<msg timestamp="20220213 18:23:06.870" level="INFO">Fills the text 'secret_sauce' in the given field.</msg>
<status status="PASS" starttime="20220213 18:23:06.870" endtime="20220213 18:23:07.903"/>
</kw>
<kw name="clicar botão de Login" library="Actions">
<kw name="Click" library="Browser">
<arg>id=login-button</arg>
<tag>PageContent</tag>
<tag>Setter</tag>
<doc>Simulates mouse click on the element found by ``selector``.</doc>
<status status="PASS" starttime="20220213 18:23:07.904" endtime="20220213 18:23:09.027"/>
</kw>
<status status="PASS" starttime="20220213 18:23:07.904" endtime="20220213 18:23:09.027"/>
</kw>
<status status="PASS" starttime="20220213 18:23:03.716" endtime="20220213 18:23:09.028"/>
</kw>
<kw name="Validar Título da página" library="ActionsHome">
<kw name="Get Title" library="Browser">
<arg>==</arg>
<arg>Swag Labs</arg>
<tag>Assertion</tag>
<tag>Getter</tag>
<tag>PageContent</tag>
<doc>Returns the title of the current page.</doc>
<status status="PASS" starttime="20220213 18:23:09.031" endtime="20220213 18:23:09.045"/>
</kw>
<kw name="Get Title" library="Browser">
<arg>equal</arg>
<arg>Swag Labs</arg>
<tag>Assertion</tag>
<tag>Getter</tag>
<tag>PageContent</tag>
<doc>Returns the title of the current page.</doc>
<status status="PASS" starttime="20220213 18:23:09.046" endtime="20220213 18:23:09.054"/>
</kw>
<kw name="Get Title" library="Browser">
<arg>should be</arg>
<arg>Swag Labs</arg>
<tag>Assertion</tag>
<tag>Getter</tag>
<tag>PageContent</tag>
<doc>Returns the title of the current page.</doc>
<status status="PASS" starttime="20220213 18:23:09.054" endtime="20220213 18:23:09.060"/>
</kw>
<kw name="Get Title" library="Browser">
<arg>equal</arg>
<arg>Swag Labs</arg>
<tag>Assertion</tag>
<tag>Getter</tag>
<tag>PageContent</tag>
<doc>Returns the title of the current page.</doc>
<status status="PASS" starttime="20220213 18:23:09.060" endtime="20220213 18:23:09.064"/>
</kw>
<kw name="Get Title" library="Browser">
<arg>should start with</arg>
<arg>Swag Labs</arg>
<tag>Assertion</tag>
<tag>Getter</tag>
<tag>PageContent</tag>
<doc>Returns the title of the current page.</doc>
<status status="PASS" starttime="20220213 18:23:09.064" endtime="20220213 18:23:09.069"/>
</kw>
<status status="PASS" starttime="20220213 18:23:09.030" endtime="20220213 18:23:09.069"/>
</kw>
<kw name="Validar menu" library="ActionsHome">
<kw name="Wait For Elements State" library="Browser">
<arg>//button[@id='react-burger-menu-btn']</arg>
<arg>visible</arg>
<arg>5</arg>
<tag>PageContent</tag>
<tag>Wait</tag>
<doc>Waits for the element found by ``selector`` to satisfy state option.</doc>
<msg timestamp="20220213 18:23:09.107" level="INFO">Wait for Element with selector: //button[@id='react-burger-menu-btn']</msg>
<status status="PASS" starttime="20220213 18:23:09.070" endtime="20220213 18:23:09.107"/>
</kw>
<kw name="Click" library="Browser">
<arg>//button[@id='react-burger-menu-btn']</arg>
<tag>PageContent</tag>
<tag>Setter</tag>
<doc>Simulates mouse click on the element found by ``selector``.</doc>
<status status="PASS" starttime="20220213 18:23:09.107" endtime="20220213 18:23:10.159"/>
</kw>
<kw name="Wait For Elements State" library="Browser">
<arg>//div[@class='bm-menu-wrap']</arg>
<arg>visible</arg>
<arg>5</arg>
<tag>PageContent</tag>
<tag>Wait</tag>
<doc>Waits for the element found by ``selector`` to satisfy state option.</doc>
<msg timestamp="20220213 18:23:10.205" level="INFO">Wait for Element with selector: //div[@class='bm-menu-wrap']</msg>
<status status="PASS" starttime="20220213 18:23:10.160" endtime="20220213 18:23:10.205"/>
</kw>
<kw name="Get Text" library="Browser">
<arg>//div[@class='bm-menu'] &gt;&gt; text=All Items</arg>
<tag>Assertion</tag>
<tag>Getter</tag>
<tag>PageContent</tag>
<doc>Returns text attribute of the element found by ``selector``.</doc>
<status status="PASS" starttime="20220213 18:23:10.206" endtime="20220213 18:23:10.244"/>
</kw>
<kw name="Get Text" library="Browser">
<arg>//div[@class='bm-menu'] &gt;&gt; text=About</arg>
<tag>Assertion</tag>
<tag>Getter</tag>
<tag>PageContent</tag>
<doc>Returns text attribute of the element found by ``selector``.</doc>
<status status="PASS" starttime="20220213 18:23:10.244" endtime="20220213 18:23:10.261"/>
</kw>
<kw name="Get Text" library="Browser">
<arg>//div[@class='bm-menu'] &gt;&gt; text=Logout</arg>
<tag>Assertion</tag>
<tag>Getter</tag>
<tag>PageContent</tag>
<doc>Returns text attribute of the element found by ``selector``.</doc>
<status status="PASS" starttime="20220213 18:23:10.261" endtime="20220213 18:23:10.279"/>
</kw>
<kw name="Get Text" library="Browser">
<arg>//div[@class='bm-menu'] &gt;&gt; text=Reset App State</arg>
<tag>Assertion</tag>
<tag>Getter</tag>
<tag>PageContent</tag>
<doc>Returns text attribute of the element found by ``selector``.</doc>
<status status="PASS" starttime="20220213 18:23:10.279" endtime="20220213 18:23:10.297"/>
</kw>
<status status="PASS" starttime="20220213 18:23:09.070" endtime="20220213 18:23:10.297"/>
</kw>
<kw name="Lista de produtos" library="Actions">
<arg>PRODUCTS</arg>
<kw name="Wait For Elements State" library="Browser">
<arg>css=.title</arg>
<arg>visible</arg>
<arg>5</arg>
<tag>PageContent</tag>
<tag>Wait</tag>
<doc>Waits for the element found by ``selector`` to satisfy state option.</doc>
<msg timestamp="20220213 18:23:10.317" level="INFO">Wait for Element with selector: css=.title</msg>
<status status="PASS" starttime="20220213 18:23:10.298" endtime="20220213 18:23:10.317"/>
</kw>
<kw name="Get Text" library="Browser">
<arg>css=.title</arg>
<arg>equal</arg>
<arg>${msg}</arg>
<tag>Assertion</tag>
<tag>Getter</tag>
<tag>PageContent</tag>
<doc>Returns text attribute of the element found by ``selector``.</doc>
<status status="PASS" starttime="20220213 18:23:10.317" endtime="20220213 18:23:10.338"/>
</kw>
<kw name="Wait For Elements State" library="Browser">
<arg>id=react-burger-menu-btn</arg>
<arg>visible</arg>
<arg>5</arg>
<tag>PageContent</tag>
<tag>Wait</tag>
<doc>Waits for the element found by ``selector`` to satisfy state option.</doc>
<msg timestamp="20220213 18:23:10.351" level="INFO">Wait for Element with selector: id=react-burger-menu-btn</msg>
<status status="PASS" starttime="20220213 18:23:10.338" endtime="20220213 18:23:10.351"/>
</kw>
<kw name="Wait For Elements State" library="Browser">
<arg>css=.peek</arg>
<arg>visible</arg>
<arg>5</arg>
<tag>PageContent</tag>
<tag>Wait</tag>
<doc>Waits for the element found by ``selector`` to satisfy state option.</doc>
<msg timestamp="20220213 18:23:10.364" level="INFO">Wait for Element with selector: css=.peek</msg>
<status status="PASS" starttime="20220213 18:23:10.352" endtime="20220213 18:23:10.364"/>
</kw>
<kw name="Wait For Elements State" library="Browser">
<arg>css=.product_sort_container</arg>
<arg>visible</arg>
<arg>5</arg>
<tag>PageContent</tag>
<tag>Wait</tag>
<doc>Waits for the element found by ``selector`` to satisfy state option.</doc>
<msg timestamp="20220213 18:23:10.377" level="INFO">Wait for Element with selector: css=.product_sort_container</msg>
<status status="PASS" starttime="20220213 18:23:10.364" endtime="20220213 18:23:10.377"/>
</kw>
<kw name="Get Text" library="Browser">
<arg>css=.active_option</arg>
<arg>equal</arg>
<arg>NAME (A TO Z)</arg>
<tag>Assertion</tag>
<tag>Getter</tag>
<tag>PageContent</tag>
<doc>Returns text attribute of the element found by ``selector``.</doc>
<status status="PASS" starttime="20220213 18:23:10.377" endtime="20220213 18:23:10.393"/>
</kw>
<kw name="Wait For Elements State" library="Browser">
<arg>css=.inventory_list</arg>
<arg>visible</arg>
<arg>5</arg>
<tag>PageContent</tag>
<tag>Wait</tag>
<doc>Waits for the element found by ``selector`` to satisfy state option.</doc>
<msg timestamp="20220213 18:23:10.406" level="INFO">Wait for Element with selector: css=.inventory_list</msg>
<status status="PASS" starttime="20220213 18:23:10.393" endtime="20220213 18:23:10.406"/>
</kw>
<kw name="Wait For Elements State" library="Browser">
<arg>//div[@class='inventory_container']</arg>
<arg>visible</arg>
<arg>5</arg>
<tag>PageContent</tag>
<tag>Wait</tag>
<doc>Waits for the element found by ``selector`` to satisfy state option.</doc>
<msg timestamp="20220213 18:23:10.418" level="INFO">Wait for Element with selector: //div[@class='inventory_container']</msg>
<status status="PASS" starttime="20220213 18:23:10.406" endtime="20220213 18:23:10.418"/>
</kw>
<status status="PASS" starttime="20220213 18:23:10.298" endtime="20220213 18:23:10.418"/>
</kw>
<kw name="Validar rodapé" library="ActionsHome">
<kw name="Wait For Elements State" library="Browser">
<arg>//footer[@class='footer']</arg>
<arg>visible</arg>
<arg>5</arg>
<tag>PageContent</tag>
<tag>Wait</tag>
<doc>Waits for the element found by ``selector`` to satisfy state option.</doc>
<msg timestamp="20220213 18:23:10.434" level="INFO">Wait for Element with selector: //footer[@class='footer']</msg>
<status status="PASS" starttime="20220213 18:23:10.418" endtime="20220213 18:23:10.434"/>
</kw>
<kw name="Wait For Elements State" library="Browser">
<arg>css=.social_twitter &gt;&gt; text=Twitter</arg>
<tag>PageContent</tag>
<tag>Wait</tag>
<doc>Waits for the element found by ``selector`` to satisfy state option.</doc>
<msg timestamp="20220213 18:23:10.450" level="INFO">Wait for Element with selector: css=.social_twitter &gt;&gt; text=Twitter</msg>
<status status="PASS" starttime="20220213 18:23:10.434" endtime="20220213 18:23:10.450"/>
</kw>
<kw name="Wait For Elements State" library="Browser">
<arg>//a[contains(text(),'Twitter')]</arg>
<arg>visible</arg>
<arg>5</arg>
<tag>PageContent</tag>
<tag>Wait</tag>
<doc>Waits for the element found by ``selector`` to satisfy state option.</doc>
<msg timestamp="20220213 18:23:10.463" level="INFO">Wait for Element with selector: //a[contains(text(),'Twitter')]</msg>
<status status="PASS" starttime="20220213 18:23:10.450" endtime="20220213 18:23:10.463"/>
</kw>
<kw name="Wait For Elements State" library="Browser">
<arg>//a[contains(text(),'Facebook')]</arg>
<arg>visible</arg>
<arg>5</arg>
<tag>PageContent</tag>
<tag>Wait</tag>
<doc>Waits for the element found by ``selector`` to satisfy state option.</doc>
<msg timestamp="20220213 18:23:10.475" level="INFO">Wait for Element with selector: //a[contains(text(),'Facebook')]</msg>
<status status="PASS" starttime="20220213 18:23:10.463" endtime="20220213 18:23:10.475"/>
</kw>
<kw name="Wait For Elements State" library="Browser">
<arg>//a[contains(text(),'LinkedIn')]</arg>
<arg>visible</arg>
<arg>5</arg>
<tag>PageContent</tag>
<tag>Wait</tag>
<doc>Waits for the element found by ``selector`` to satisfy state option.</doc>
<msg timestamp="20220213 18:23:10.487" level="INFO">Wait for Element with selector: //a[contains(text(),'LinkedIn')]</msg>
<status status="PASS" starttime="20220213 18:23:10.475" endtime="20220213 18:23:10.487"/>
</kw>
<kw name="Wait For Elements State" library="Browser">
<arg>//body/div[@id='root']/div[@id='page_wrapper']/footer[1]/img[1]</arg>
<tag>PageContent</tag>
<tag>Wait</tag>
<doc>Waits for the element found by ``selector`` to satisfy state option.</doc>
<msg timestamp="20220213 18:23:10.500" level="INFO">Wait for Element with selector: //body/div[@id='root']/div[@id='page_wrapper']/footer[1]/img[1]</msg>
<status status="PASS" starttime="20220213 18:23:10.487" endtime="20220213 18:23:10.500"/>
</kw>
<kw name="Get Text" library="Browser">
<arg>css=.footer_copy</arg>
<arg>equal</arg>
<arg>© 2022 Sauce Labs. All Rights Reserved. Terms of Service | Privacy Policy</arg>
<tag>Assertion</tag>
<tag>Getter</tag>
<tag>PageContent</tag>
<doc>Returns text attribute of the element found by ``selector``.</doc>
<status status="PASS" starttime="20220213 18:23:10.500" endtime="20220213 18:23:10.518"/>
</kw>
<status status="PASS" starttime="20220213 18:23:10.418" endtime="20220213 18:23:10.518"/>
</kw>
<kw name="Realizar Logout" library="ActionsHome">
<kw name="Get Text" library="Browser">
<arg>//div[@class='bm-menu'] &gt;&gt; text=Logout</arg>
<tag>Assertion</tag>
<tag>Getter</tag>
<tag>PageContent</tag>
<doc>Returns text attribute of the element found by ``selector``.</doc>
<status status="PASS" starttime="20220213 18:23:10.519" endtime="20220213 18:23:10.540"/>
</kw>
<kw name="Click" library="Browser">
<arg>//div[@class='bm-menu'] &gt;&gt; text=Logout</arg>
<tag>PageContent</tag>
<tag>Setter</tag>
<doc>Simulates mouse click on the element found by ``selector``.</doc>
<status status="PASS" starttime="20220213 18:23:10.540" endtime="20220213 18:23:11.593"/>
</kw>
<status status="PASS" starttime="20220213 18:23:10.518" endtime="20220213 18:23:11.593"/>
</kw>
<kw name="Finalizando sessão" library="Base" type="TEARDOWN">
<kw name="Screenshot Name" library="Users">
<var>${shot_name}</var>
<msg timestamp="20220213 18:23:11.596" level="INFO">${shot_name} = aa74d504400515eb1473ad8b7c473683b3547c3f</msg>
<status status="PASS" starttime="20220213 18:23:11.595" endtime="20220213 18:23:11.596"/>
</kw>
<kw name="Take Screenshot" library="Browser">
<arg>fullPage=True</arg>
<arg>filename=${shot_name}</arg>
<tag>PageContent</tag>
<doc>Takes a screenshot of the current window or element and saves it to disk.</doc>
<msg timestamp="20220213 18:23:13.857" level="INFO" html="true">&lt;/td&gt;&lt;/tr&gt;&lt;tr&gt;&lt;td colspan="3"&gt;&lt;a href="browser/screenshot/aa74d504400515eb1473ad8b7c473683b3547c3f.png"&gt;&lt;img src="browser/screenshot/aa74d504400515eb1473ad8b7c473683b3547c3f.png" width="800px"&gt;&lt;/a&gt;</msg>
<status status="PASS" starttime="20220213 18:23:11.596" endtime="20220213 18:23:13.857"/>
</kw>
<status status="PASS" starttime="20220213 18:23:11.595" endtime="20220213 18:23:13.857"/>
</kw>
<tag>usr_ok</tag>
<status status="PASS" starttime="20220213 18:23:00.204" endtime="20220213 18:23:13.859"/>
</test>
<doc>Minha primeira suite de teste
Testando a página principal.</doc>
<status status="PASS" starttime="20220213 18:22:59.134" endtime="20220213 18:23:13.978"/>
</suite>
<statistics>
<total>
<stat pass="1" fail="0" skip="0">All Tests</stat>
</total>
<tag>
<stat pass="1" fail="0" skip="0">usr_ok</stat>
</tag>
<suite>
<stat pass="1" fail="0" skip="0" id="s1" name="Home">Home</stat>
</suite>
</statistics>
<errors>
</errors>
</robot>
