<?xml version="1.0" encoding="UTF-8"?>
<robot generator="Robot 4.1.1 (Python 3.9.7 on win32)" generated="20220214 18:11:16.241" rpa="false" schemaversion="2">
<suite id="s1" name="User" source="D:\qafullstack\Git\saucedemo\User.robot">
<test id="s1-t1" name="Realizar Login VÁLIDO e adicionar 3 itens">
<kw name="Iniciando sessão" library="Base" type="SETUP">
<kw name="New Browser" library="Browser">
<arg>Chromium</arg>
<arg>headless=False</arg>
<arg>slowMo=00:00:01</arg>
<tag>BrowserControl</tag>
<tag>Setter</tag>
<doc>Create a new playwright Browser with specified options.</doc>
<msg timestamp="20220214 18:11:17.318" level="INFO">{"browser": "chromium", "headless": false, "handleSIGINT": true, "handleSIGTERM": true, "handleSIGHUP": true, "timeout": 30000.0, "devtools": false, "slowMo": 1000.0, "tracesDir": "D:\\qafullstack\\Git\\saucedemo\\logs\\browser\\traces\\6c907250-7900-4e9f-b50b-30e61e604e37"}</msg>
<msg timestamp="20220214 18:11:17.894" level="INFO">Successfully created browser with options: {"browser":"chromium","headless":false,"handleSIGINT":true,"handleSIGTERM":true,"handleSIGHUP":true,"timeout":30000,"devtools":false,"slowMo":1000,"tracesDir":"D:\\qafullstack\\Git\\saucedemo\\logs\\browser\\traces\\6c907250-7900-4e9f-b50b-30e61e604e37"}</msg>
<status status="PASS" starttime="20220214 18:11:17.317" endtime="20220214 18:11:17.894"/>
</kw>
<kw name="New Page" library="Browser">
<arg>${BASE_URL}</arg>
<tag>BrowserControl</tag>
<tag>Setter</tag>
<doc>Open a new Page. A Page is the Playwright equivalent to a tab.
See `Browser, Context and Page` for more information about Page concept.
Returns a stable identifier for the created page.</doc>
<msg timestamp="20220214 18:11:20.366" level="INFO">Successfully initialized new page object and opened url: https://www.saucedemo.com</msg>
<msg timestamp="20220214 18:11:20.366" level="INFO">No context was open. New context was automatically opened when this page is created.</msg>
<status status="PASS" starttime="20220214 18:11:17.895" endtime="20220214 18:11:20.366"/>
</kw>
<kw name="Set Viewport Size" library="Browser">
<arg>1280</arg>
<arg>768</arg>
<tag>BrowserControl</tag>
<tag>Setter</tag>
<doc>Sets current Pages viewport size to specified dimensions.</doc>
<msg timestamp="20220214 18:11:21.392" level="INFO">Set viewport size to: [object Object]</msg>
<status status="PASS" starttime="20220214 18:11:20.367" endtime="20220214 18:11:21.392"/>
</kw>
<kw name="Get Title" library="Browser">
<arg>equal</arg>
<arg>Swag Labs</arg>
<tag>Assertion</tag>
<tag>Getter</tag>
<tag>PageContent</tag>
<doc>Returns the title of the current page.</doc>
<status status="PASS" starttime="20220214 18:11:21.393" endtime="20220214 18:11:21.410"/>
</kw>
<status status="PASS" starttime="20220214 18:11:17.316" endtime="20220214 18:11:21.410"/>
</kw>
<kw name="Factory Usuariook" library="Users">
<var>${user}</var>
<msg timestamp="20220214 18:11:21.414" level="INFO">${user} = {'name': 'standard_user', 'senha': 'secret_sauce'}</msg>
<status status="PASS" starttime="20220214 18:11:21.414" endtime="20220214 18:11:21.414"/>
</kw>
<kw name="Realizando login" library="Actions">
<arg>${user}</arg>
<tag>login</tag>
<kw name="Click" library="Browser">
<arg>id=user-name</arg>
<tag>PageContent</tag>
<tag>Setter</tag>
<doc>Simulates mouse click on the element found by ``selector``.</doc>
<status status="PASS" starttime="20220214 18:11:21.415" endtime="20220214 18:11:22.489"/>
</kw>
<kw name="Fill Text" library="Browser">
<arg>id=user-name</arg>
<arg>${user}[name]</arg>
<tag>PageContent</tag>
<tag>Setter</tag>
<doc>Clears and fills the given ``txt`` into the text field found by ``selector``.</doc>
<msg timestamp="20220214 18:11:22.490" level="INFO">Fills the text 'standard_user' in the given field.</msg>
<status status="PASS" starttime="20220214 18:11:22.490" endtime="20220214 18:11:23.520"/>
</kw>
<kw name="Click" library="Browser">
<arg>id=password</arg>
<tag>PageContent</tag>
<tag>Setter</tag>
<doc>Simulates mouse click on the element found by ``selector``.</doc>
<status status="PASS" starttime="20220214 18:11:23.521" endtime="20220214 18:11:24.567"/>
</kw>
<kw name="Fill Text" library="Browser">
<arg>id=password</arg>
<arg>${user}[senha]</arg>
<tag>PageContent</tag>
<tag>Setter</tag>
<doc>Clears and fills the given ``txt`` into the text field found by ``selector``.</doc>
<msg timestamp="20220214 18:11:24.568" level="INFO">Fills the text 'secret_sauce' in the given field.</msg>
<status status="PASS" starttime="20220214 18:11:24.568" endtime="20220214 18:11:25.591"/>
</kw>
<kw name="clicar botão de Login" library="Actions">
<kw name="Click" library="Browser">
<arg>id=login-button</arg>
<tag>PageContent</tag>
<tag>Setter</tag>
<doc>Simulates mouse click on the element found by ``selector``.</doc>
<status status="PASS" starttime="20220214 18:11:25.592" endtime="20220214 18:11:26.718"/>
</kw>
<status status="PASS" starttime="20220214 18:11:25.592" endtime="20220214 18:11:26.718"/>
</kw>
<status status="PASS" starttime="20220214 18:11:21.415" endtime="20220214 18:11:26.718"/>
</kw>
<kw name="Lista de produtos" library="Actions">
<arg>PRODUCTS</arg>
<kw name="Wait For Elements State" library="Browser">
<arg>css=.title</arg>
<arg>visible</arg>
<arg>5</arg>
<tag>PageContent</tag>
<tag>Wait</tag>
<doc>Waits for the element found by ``selector`` to satisfy state option.</doc>
<msg timestamp="20220214 18:11:26.744" level="INFO">Wait for Element with selector: css=.title</msg>
<status status="PASS" starttime="20220214 18:11:26.720" endtime="20220214 18:11:26.745"/>
</kw>
<kw name="Get Text" library="Browser">
<arg>css=.title</arg>
<arg>equal</arg>
<arg>${msg}</arg>
<tag>Assertion</tag>
<tag>Getter</tag>
<tag>PageContent</tag>
<doc>Returns text attribute of the element found by ``selector``.</doc>
<status status="PASS" starttime="20220214 18:11:26.745" endtime="20220214 18:11:26.769"/>
</kw>
<kw name="Wait For Elements State" library="Browser">
<arg>id=react-burger-menu-btn</arg>
<arg>visible</arg>
<arg>5</arg>
<tag>PageContent</tag>
<tag>Wait</tag>
<doc>Waits for the element found by ``selector`` to satisfy state option.</doc>
<msg timestamp="20220214 18:11:26.784" level="INFO">Wait for Element with selector: id=react-burger-menu-btn</msg>
<status status="PASS" starttime="20220214 18:11:26.769" endtime="20220214 18:11:26.784"/>
</kw>
<kw name="Wait For Elements State" library="Browser">
<arg>css=.peek</arg>
<arg>visible</arg>
<arg>5</arg>
<tag>PageContent</tag>
<tag>Wait</tag>
<doc>Waits for the element found by ``selector`` to satisfy state option.</doc>
<msg timestamp="20220214 18:11:26.800" level="INFO">Wait for Element with selector: css=.peek</msg>
<status status="PASS" starttime="20220214 18:11:26.785" endtime="20220214 18:11:26.800"/>
</kw>
<kw name="Wait For Elements State" library="Browser">
<arg>css=.product_sort_container</arg>
<arg>visible</arg>
<arg>5</arg>
<tag>PageContent</tag>
<tag>Wait</tag>
<doc>Waits for the element found by ``selector`` to satisfy state option.</doc>
<msg timestamp="20220214 18:11:26.814" level="INFO">Wait for Element with selector: css=.product_sort_container</msg>
<status status="PASS" starttime="20220214 18:11:26.800" endtime="20220214 18:11:26.814"/>
</kw>
<kw name="Get Text" library="Browser">
<arg>css=.active_option</arg>
<arg>equal</arg>
<arg>NAME (A TO Z)</arg>
<tag>Assertion</tag>
<tag>Getter</tag>
<tag>PageContent</tag>
<doc>Returns text attribute of the element found by ``selector``.</doc>
<status status="PASS" starttime="20220214 18:11:26.814" endtime="20220214 18:11:26.834"/>
</kw>
<kw name="Wait For Elements State" library="Browser">
<arg>css=.inventory_list</arg>
<arg>visible</arg>
<arg>5</arg>
<tag>PageContent</tag>
<tag>Wait</tag>
<doc>Waits for the element found by ``selector`` to satisfy state option.</doc>
<msg timestamp="20220214 18:11:26.852" level="INFO">Wait for Element with selector: css=.inventory_list</msg>
<status status="PASS" starttime="20220214 18:11:26.834" endtime="20220214 18:11:26.852"/>
</kw>
<kw name="Wait For Elements State" library="Browser">
<arg>//div[@class='inventory_container']</arg>
<arg>visible</arg>
<arg>5</arg>
<tag>PageContent</tag>
<tag>Wait</tag>
<doc>Waits for the element found by ``selector`` to satisfy state option.</doc>
<msg timestamp="20220214 18:11:26.867" level="INFO">Wait for Element with selector: //div[@class='inventory_container']</msg>
<status status="PASS" starttime="20220214 18:11:26.852" endtime="20220214 18:11:26.867"/>
</kw>
<status status="PASS" starttime="20220214 18:11:26.719" endtime="20220214 18:11:26.867"/>
</kw>
<kw name="Escolher o Produto" library="Actions">
<arg>Sauce Labs Fleece Jacket</arg>
<kw name="Wait For Elements State" library="Browser">
<arg>//div[@class="inventory_item_name"] &gt;&gt; text=${produto}</arg>
<arg>visible</arg>
<arg>5</arg>
<tag>PageContent</tag>
<tag>Wait</tag>
<doc>Waits for the element found by ``selector`` to satisfy state option.</doc>
<msg timestamp="20220214 18:11:26.886" level="INFO">Wait for Element with selector: //div[@class="inventory_item_name"] &gt;&gt; text=Sauce Labs Fleece Jacket</msg>
<status status="PASS" starttime="20220214 18:11:26.868" endtime="20220214 18:11:26.886"/>
</kw>
<kw name="Get Text" library="Browser">
<arg>//div[@class="inventory_item_name"] &gt;&gt; text=${produto}</arg>
<arg>equal</arg>
<arg>${produto}</arg>
<tag>Assertion</tag>
<tag>Getter</tag>
<tag>PageContent</tag>
<doc>Returns text attribute of the element found by ``selector``.</doc>
<status status="PASS" starttime="20220214 18:11:26.886" endtime="20220214 18:11:26.907"/>
</kw>
<kw name="Click" library="Browser">
<arg>//div[@class="inventory_item_name"] &gt;&gt; text=${produto}</arg>
<tag>PageContent</tag>
<tag>Setter</tag>
<doc>Simulates mouse click on the element found by ``selector``.</doc>
<status status="PASS" starttime="20220214 18:11:26.907" endtime="20220214 18:11:27.962"/>
</kw>
<status status="PASS" starttime="20220214 18:11:26.868" endtime="20220214 18:11:27.962"/>
</kw>
<kw name="clicar botão adicionar no carrinho" library="Actions">
<kw name="Click" library="Browser">
<arg>xpath=//button[@class='btn btn_primary btn_small btn_inventory'] &gt;&gt; text=Add to cart</arg>
<tag>PageContent</tag>
<tag>Setter</tag>
<doc>Simulates mouse click on the element found by ``selector``.</doc>
<status status="PASS" starttime="20220214 18:11:27.963" endtime="20220214 18:11:29.002"/>
</kw>
<status status="PASS" starttime="20220214 18:11:27.963" endtime="20220214 18:11:29.002"/>
</kw>
<kw name="clicar para voltar e listar todos os produtos" library="Actions">
<kw name="Click" library="Browser">
<arg>//button[@id='back-to-products']</arg>
<tag>PageContent</tag>
<tag>Setter</tag>
<doc>Simulates mouse click on the element found by ``selector``.</doc>
<status status="PASS" starttime="20220214 18:11:29.003" endtime="20220214 18:11:30.071"/>
</kw>
<status status="PASS" starttime="20220214 18:11:29.003" endtime="20220214 18:11:30.071"/>
</kw>
<kw name="Escolher o Produto" library="Actions">
<arg>Sauce Labs Onesie</arg>
<kw name="Wait For Elements State" library="Browser">
<arg>//div[@class="inventory_item_name"] &gt;&gt; text=${produto}</arg>
<arg>visible</arg>
<arg>5</arg>
<tag>PageContent</tag>
<tag>Wait</tag>
<doc>Waits for the element found by ``selector`` to satisfy state option.</doc>
<msg timestamp="20220214 18:11:30.095" level="INFO">Wait for Element with selector: //div[@class="inventory_item_name"] &gt;&gt; text=Sauce Labs Onesie</msg>
<status status="PASS" starttime="20220214 18:11:30.073" endtime="20220214 18:11:30.096"/>
</kw>
<kw name="Get Text" library="Browser">
<arg>//div[@class="inventory_item_name"] &gt;&gt; text=${produto}</arg>
<arg>equal</arg>
<arg>${produto}</arg>
<tag>Assertion</tag>
<tag>Getter</tag>
<tag>PageContent</tag>
<doc>Returns text attribute of the element found by ``selector``.</doc>
<status status="PASS" starttime="20220214 18:11:30.096" endtime="20220214 18:11:30.119"/>
</kw>
<kw name="Click" library="Browser">
<arg>//div[@class="inventory_item_name"] &gt;&gt; text=${produto}</arg>
<tag>PageContent</tag>
<tag>Setter</tag>
<doc>Simulates mouse click on the element found by ``selector``.</doc>
<status status="PASS" starttime="20220214 18:11:30.119" endtime="20220214 18:11:31.185"/>
</kw>
<status status="PASS" starttime="20220214 18:11:30.072" endtime="20220214 18:11:31.186"/>
</kw>
<kw name="clicar botão adicionar no carrinho" library="Actions">
<kw name="Click" library="Browser">
<arg>xpath=//button[@class='btn btn_primary btn_small btn_inventory'] &gt;&gt; text=Add to cart</arg>
<tag>PageContent</tag>
<tag>Setter</tag>
<doc>Simulates mouse click on the element found by ``selector``.</doc>
<status status="PASS" starttime="20220214 18:11:31.188" endtime="20220214 18:11:32.236"/>
</kw>
<status status="PASS" starttime="20220214 18:11:31.187" endtime="20220214 18:11:32.236"/>
</kw>
<kw name="clicar para voltar e listar todos os produtos" library="Actions">
<kw name="Click" library="Browser">
<arg>//button[@id='back-to-products']</arg>
<tag>PageContent</tag>
<tag>Setter</tag>
<doc>Simulates mouse click on the element found by ``selector``.</doc>
<status status="PASS" starttime="20220214 18:11:32.239" endtime="20220214 18:11:33.320"/>
</kw>
<status status="PASS" starttime="20220214 18:11:32.238" endtime="20220214 18:11:33.321"/>
</kw>
<kw name="Escolher o Produto" library="Actions">
<arg>Test.allTheThings() T-Shirt (Red)</arg>
<kw name="Wait For Elements State" library="Browser">
<arg>//div[@class="inventory_item_name"] &gt;&gt; text=${produto}</arg>
<arg>visible</arg>
<arg>5</arg>
<tag>PageContent</tag>
<tag>Wait</tag>
<doc>Waits for the element found by ``selector`` to satisfy state option.</doc>
<msg timestamp="20220214 18:11:33.344" level="INFO">Wait for Element with selector: //div[@class="inventory_item_name"] &gt;&gt; text=Test.allTheThings() T-Shirt (Red)</msg>
<status status="PASS" starttime="20220214 18:11:33.322" endtime="20220214 18:11:33.344"/>
</kw>
<kw name="Get Text" library="Browser">
<arg>//div[@class="inventory_item_name"] &gt;&gt; text=${produto}</arg>
<arg>equal</arg>
<arg>${produto}</arg>
<tag>Assertion</tag>
<tag>Getter</tag>
<tag>PageContent</tag>
<doc>Returns text attribute of the element found by ``selector``.</doc>
<status status="PASS" starttime="20220214 18:11:33.344" endtime="20220214 18:11:33.366"/>
</kw>
<kw name="Click" library="Browser">
<arg>//div[@class="inventory_item_name"] &gt;&gt; text=${produto}</arg>
<tag>PageContent</tag>
<tag>Setter</tag>
<doc>Simulates mouse click on the element found by ``selector``.</doc>
<status status="PASS" starttime="20220214 18:11:33.366" endtime="20220214 18:11:34.451"/>
</kw>
<status status="PASS" starttime="20220214 18:11:33.321" endtime="20220214 18:11:34.451"/>
</kw>
<kw name="clicar botão adicionar no carrinho" library="Actions">
<kw name="Click" library="Browser">
<arg>xpath=//button[@class='btn btn_primary btn_small btn_inventory'] &gt;&gt; text=Add to cart</arg>
<tag>PageContent</tag>
<tag>Setter</tag>
<doc>Simulates mouse click on the element found by ``selector``.</doc>
<status status="PASS" starttime="20220214 18:11:34.453" endtime="20220214 18:11:35.513"/>
</kw>
<status status="PASS" starttime="20220214 18:11:34.452" endtime="20220214 18:11:35.514"/>
</kw>
<kw name="clicar para voltar e listar todos os produtos" library="Actions">
<kw name="Click" library="Browser">
<arg>//button[@id='back-to-products']</arg>
<tag>PageContent</tag>
<tag>Setter</tag>
<doc>Simulates mouse click on the element found by ``selector``.</doc>
<status status="PASS" starttime="20220214 18:11:35.515" endtime="20220214 18:11:36.588"/>
</kw>
<status status="PASS" starttime="20220214 18:11:35.514" endtime="20220214 18:11:36.588"/>
</kw>
<kw name="clicar botão do carrinho" library="Actions">
<kw name="Click" library="Browser">
<arg>css=.shopping_cart_link</arg>
<tag>PageContent</tag>
<tag>Setter</tag>
<doc>Simulates mouse click on the element found by ``selector``.</doc>
<status status="PASS" starttime="20220214 18:11:36.590" endtime="20220214 18:11:37.651"/>
</kw>
<status status="PASS" starttime="20220214 18:11:36.589" endtime="20220214 18:11:37.651"/>
</kw>
<kw name="Validar quantidade no carrinho" library="Actions">
<arg>3</arg>
<kw name="Get Element Count" library="Browser">
<arg>//div[@class='cart_item']</arg>
<arg>equal</arg>
<arg>${quantidade}</arg>
<tag>Assertion</tag>
<tag>Getter</tag>
<tag>PageContent</tag>
<doc>Returns the count of elements found with ``selector``.</doc>
<status status="PASS" starttime="20220214 18:11:37.653" endtime="20220214 18:11:37.675"/>
</kw>
<status status="PASS" starttime="20220214 18:11:37.652" endtime="20220214 18:11:37.675"/>
</kw>
<kw name="Clicar em realizar checkout" library="Actions">
<kw name="Wait For Elements State" library="Browser">
<arg>id=checkout</arg>
<arg>visible</arg>
<arg>5</arg>
<tag>PageContent</tag>
<tag>Wait</tag>
<doc>Waits for the element found by ``selector`` to satisfy state option.</doc>
<msg timestamp="20220214 18:11:37.692" level="INFO">Wait for Element with selector: id=checkout</msg>
<status status="PASS" starttime="20220214 18:11:37.676" endtime="20220214 18:11:37.692"/>
</kw>
<kw name="Get Text" library="Browser">
<arg>id=checkout &gt;&gt; text=Checkout</arg>
<tag>Assertion</tag>
<tag>Getter</tag>
<tag>PageContent</tag>
<doc>Returns text attribute of the element found by ``selector``.</doc>
<status status="PASS" starttime="20220214 18:11:37.692" endtime="20220214 18:11:37.715"/>
</kw>
<kw name="Click" library="Browser">
<arg>id=checkout</arg>
<tag>PageContent</tag>
<tag>Setter</tag>
<doc>Simulates mouse click on the element found by ``selector``.</doc>
<status status="PASS" starttime="20220214 18:11:37.715" endtime="20220214 18:11:38.774"/>
</kw>
<kw name="Wait For Elements State" library="Browser">
<arg>id=first-name</arg>
<arg>visible</arg>
<arg>5</arg>
<tag>PageContent</tag>
<tag>Wait</tag>
<doc>Waits for the element found by ``selector`` to satisfy state option.</doc>
<msg timestamp="20220214 18:11:38.792" level="INFO">Wait for Element with selector: id=first-name</msg>
<status status="PASS" starttime="20220214 18:11:38.774" endtime="20220214 18:11:38.792"/>
</kw>
<status status="PASS" starttime="20220214 18:11:37.676" endtime="20220214 18:11:38.793"/>
</kw>
<kw name="Preencher formulário de checkout" library="Actions">
<kw name="Click" library="Browser">
<arg>id=first-name</arg>
<tag>PageContent</tag>
<tag>Setter</tag>
<doc>Simulates mouse click on the element found by ``selector``.</doc>
<status status="PASS" starttime="20220214 18:11:38.794" endtime="20220214 18:11:39.829"/>
</kw>
<kw name="Fill Text" library="Browser">
<arg>id=first-name</arg>
<arg>Paula</arg>
<tag>PageContent</tag>
<tag>Setter</tag>
<doc>Clears and fills the given ``txt`` into the text field found by ``selector``.</doc>
<msg timestamp="20220214 18:11:39.830" level="INFO">Fills the text 'Paula' in the given field.</msg>
<status status="PASS" starttime="20220214 18:11:39.830" endtime="20220214 18:11:40.862"/>
</kw>
<kw name="Click" library="Browser">
<arg>id=last-name</arg>
<tag>PageContent</tag>
<tag>Setter</tag>
<doc>Simulates mouse click on the element found by ``selector``.</doc>
<status status="PASS" starttime="20220214 18:11:40.862" endtime="20220214 18:11:41.909"/>
</kw>
<kw name="Fill Text" library="Browser">
<arg>id=last-name</arg>
<arg>Onofre</arg>
<tag>PageContent</tag>
<tag>Setter</tag>
<doc>Clears and fills the given ``txt`` into the text field found by ``selector``.</doc>
<msg timestamp="20220214 18:11:41.910" level="INFO">Fills the text 'Onofre' in the given field.</msg>
<status status="PASS" starttime="20220214 18:11:41.909" endtime="20220214 18:11:42.942"/>
</kw>
<kw name="Click" library="Browser">
<arg>id=postal-code</arg>
<tag>PageContent</tag>
<tag>Setter</tag>
<doc>Simulates mouse click on the element found by ``selector``.</doc>
<status status="PASS" starttime="20220214 18:11:42.943" endtime="20220214 18:11:43.996"/>
</kw>
<kw name="Fill Text" library="Browser">
<arg>id=postal-code</arg>
<arg>58000000</arg>
<tag>PageContent</tag>
<tag>Setter</tag>
<doc>Clears and fills the given ``txt`` into the text field found by ``selector``.</doc>
<msg timestamp="20220214 18:11:43.997" level="INFO">Fills the text '58000000' in the given field.</msg>
<status status="PASS" starttime="20220214 18:11:43.996" endtime="20220214 18:11:45.030"/>
</kw>
<status status="PASS" starttime="20220214 18:11:38.793" endtime="20220214 18:11:45.030"/>
</kw>
<kw name="clicar no botão continue" library="Actions">
<kw name="Click" library="Browser">
<arg>//input[@id='continue']</arg>
<tag>PageContent</tag>
<tag>Setter</tag>
<doc>Simulates mouse click on the element found by ``selector``.</doc>
<status status="PASS" starttime="20220214 18:11:45.032" endtime="20220214 18:11:46.102"/>
</kw>
<status status="PASS" starttime="20220214 18:11:45.031" endtime="20220214 18:11:46.102"/>
</kw>
<kw name="validar recibo de pagamento" library="Actions">
<kw name="Wait For Elements State" library="Browser">
<arg>//div[@class='summary_info_label'][1]</arg>
<arg>visible</arg>
<arg>5</arg>
<tag>PageContent</tag>
<tag>Wait</tag>
<doc>Waits for the element found by ``selector`` to satisfy state option.</doc>
<msg timestamp="20220214 18:11:46.124" level="INFO">Wait for Element with selector: //div[@class='summary_info_label'][1]</msg>
<status status="PASS" starttime="20220214 18:11:46.104" endtime="20220214 18:11:46.124"/>
</kw>
<kw name="Get Text" library="Browser">
<arg>//div[@class='summary_info_label'][1]</arg>
<arg>equal</arg>
<arg>Payment Information:</arg>
<tag>Assertion</tag>
<tag>Getter</tag>
<tag>PageContent</tag>
<doc>Returns text attribute of the element found by ``selector``.</doc>
<status status="PASS" starttime="20220214 18:11:46.124" endtime="20220214 18:11:46.145"/>
</kw>
<kw name="Get Text" library="Browser">
<arg>//div[@class='summary_value_label'][1]</arg>
<arg>contains</arg>
<arg>SauceCard #31337</arg>
<tag>Assertion</tag>
<tag>Getter</tag>
<tag>PageContent</tag>
<doc>Returns text attribute of the element found by ``selector``.</doc>
<status status="PASS" starttime="20220214 18:11:46.146" endtime="20220214 18:11:46.165"/>
</kw>
<kw name="Get Text" library="Browser">
<arg>//div[@class='summary_info_label'][2]</arg>
<arg>equal</arg>
<arg>Shipping Information:</arg>
<tag>Assertion</tag>
<tag>Getter</tag>
<tag>PageContent</tag>
<doc>Returns text attribute of the element found by ``selector``.</doc>
<status status="PASS" starttime="20220214 18:11:46.165" endtime="20220214 18:11:46.182"/>
</kw>
<kw name="Get Text" library="Browser">
<arg>//div[@class='summary_value_label'][2]</arg>
<arg>equal</arg>
<arg>FREE PONY EXPRESS DELIVERY!</arg>
<tag>Assertion</tag>
<tag>Getter</tag>
<tag>PageContent</tag>
<doc>Returns text attribute of the element found by ``selector``.</doc>
<status status="PASS" starttime="20220214 18:11:46.183" endtime="20220214 18:11:46.201"/>
</kw>
<kw name="Get Text" library="Browser">
<arg>css=.summary_tax_label</arg>
<arg>contains</arg>
<arg>Tax: $</arg>
<tag>Assertion</tag>
<tag>Getter</tag>
<tag>PageContent</tag>
<doc>Returns text attribute of the element found by ``selector``.</doc>
<status status="PASS" starttime="20220214 18:11:46.201" endtime="20220214 18:11:46.221"/>
</kw>
<kw name="Get Text" library="Browser">
<arg>css=.summary_total_label</arg>
<arg>contains</arg>
<arg>Total: $</arg>
<tag>Assertion</tag>
<tag>Getter</tag>
<tag>PageContent</tag>
<doc>Returns text attribute of the element found by ``selector``.</doc>
<status status="PASS" starttime="20220214 18:11:46.221" endtime="20220214 18:11:46.238"/>
</kw>
<kw name="Log To Console" library="BuiltIn">
<arg>1111111111111</arg>
<doc>Logs the given message to the console.</doc>
<status status="PASS" starttime="20220214 18:11:46.238" endtime="20220214 18:11:46.239"/>
</kw>
<kw name="Log To Console" library="BuiltIn">
<arg>aaaa</arg>
<doc>Logs the given message to the console.</doc>
<status status="PASS" starttime="20220214 18:11:46.239" endtime="20220214 18:11:46.239"/>
</kw>
<kw name="Wait For Elements State" library="Browser">
<arg>//div[contains(text(),"Sauce Labs Bike Light")]//..//..//..//div[@class="inventory_item_price"]</arg>
<arg>visible</arg>
<arg>8</arg>
<tag>PageContent</tag>
<tag>Wait</tag>
<doc>Waits for the element found by ``selector`` to satisfy state option.</doc>
<msg timestamp="20220214 18:11:54.435" level="INFO" html="true">&lt;/td&gt;&lt;/tr&gt;&lt;tr&gt;&lt;td colspan="3"&gt;&lt;a href="browser/screenshot/fail-screenshot-1.png"&gt;&lt;img src="browser/screenshot/fail-screenshot-1.png" width="800px"&gt;&lt;/a&gt;</msg>
<msg timestamp="20220214 18:11:54.439" level="FAIL">TimeoutError: page.waitForSelector: Timeout 8000ms exceeded.
=========================== logs ===========================
waiting for selector "//div[contains(text(),"Sauce Labs Bike Light")]//..//..//..//div[@class="inventory_item_price"]" to be visible
============================================================</msg>
<status status="FAIL" starttime="20220214 18:11:46.239" endtime="20220214 18:11:54.439"/>
</kw>
<kw name="Get Text" library="Browser">
<var>${Item001}</var>
<arg>xpath=//div[contains(text(),"Sauce Labs Bike Light")]//..//..//..//div[@class="inventory_item_price"]</arg>
<tag>Assertion</tag>
<tag>Getter</tag>
<tag>PageContent</tag>
<doc>Returns text attribute of the element found by ``selector``.</doc>
<status status="NOT RUN" starttime="20220214 18:11:54.440" endtime="20220214 18:11:54.440"/>
</kw>
<kw name="Get Text" library="Browser">
<var>${Item002}</var>
<arg>xpath=//div[contains(text(),"Test.allTheThings() T-Shirt (Red)")]//..//..//..//div[@class="inventory_item_price"]</arg>
<tag>Assertion</tag>
<tag>Getter</tag>
<tag>PageContent</tag>
<doc>Returns text attribute of the element found by ``selector``.</doc>
<status status="NOT RUN" starttime="20220214 18:11:54.440" endtime="20220214 18:11:54.440"/>
</kw>
<kw name="Get Text" library="Browser">
<var>${Item003}</var>
<arg>xpath=//div[contains(text(),"Sauce Labs Backpack")]//..//..//..//div[@class="inventory_item_price"]</arg>
<tag>Assertion</tag>
<tag>Getter</tag>
<tag>PageContent</tag>
<doc>Returns text attribute of the element found by ``selector``.</doc>
<status status="NOT RUN" starttime="20220214 18:11:54.440" endtime="20220214 18:11:54.440"/>
</kw>
<kw name="Log To Console" library="BuiltIn">
<arg>bb</arg>
<doc>Logs the given message to the console.</doc>
<status status="NOT RUN" starttime="20220214 18:11:54.440" endtime="20220214 18:11:54.441"/>
</kw>
<kw name="Replace String" library="String">
<var>${var001}</var>
<arg>${Item001}</arg>
<arg>$</arg>
<arg>${EMPTY}</arg>
<doc>Replaces ``search_for`` in the given ``string`` with ``replace_with``.</doc>
<status status="NOT RUN" starttime="20220214 18:11:54.441" endtime="20220214 18:11:54.441"/>
</kw>
<kw name="Log To Console" library="BuiltIn">
<arg>ccc</arg>
<doc>Logs the given message to the console.</doc>
<status status="NOT RUN" starttime="20220214 18:11:54.441" endtime="20220214 18:11:54.441"/>
</kw>
<kw name="Replace String" library="String">
<var>${var002}</var>
<arg>${Item002}</arg>
<arg>$</arg>
<arg>${EMPTY}</arg>
<doc>Replaces ``search_for`` in the given ``string`` with ``replace_with``.</doc>
<status status="NOT RUN" starttime="20220214 18:11:54.441" endtime="20220214 18:11:54.441"/>
</kw>
<kw name="Replace String" library="String">
<var>${var003}</var>
<arg>${Item003}</arg>
<arg>$</arg>
<arg>${EMPTY}</arg>
<doc>Replaces ``search_for`` in the given ``string`` with ``replace_with``.</doc>
<status status="NOT RUN" starttime="20220214 18:11:54.441" endtime="20220214 18:11:54.441"/>
</kw>
<kw name="Evaluate" library="BuiltIn">
<var>${SOMA}</var>
<arg>float(${Item001}) + float(${Item002} + float(${Item003})</arg>
<doc>Evaluates the given expression in Python and returns the result.</doc>
<status status="NOT RUN" starttime="20220214 18:11:54.442" endtime="20220214 18:11:54.442"/>
</kw>
<kw name="Log To Console" library="BuiltIn">
<arg>44444</arg>
<doc>Logs the given message to the console.</doc>
<status status="NOT RUN" starttime="20220214 18:11:54.442" endtime="20220214 18:11:54.442"/>
</kw>
<kw name="Log To Console" library="BuiltIn">
<arg>A soma desses infeliz:${SOMA}</arg>
<doc>Logs the given message to the console.</doc>
<status status="NOT RUN" starttime="20220214 18:11:54.442" endtime="20220214 18:11:54.442"/>
</kw>
<status status="FAIL" starttime="20220214 18:11:46.103" endtime="20220214 18:11:54.443"/>
</kw>
<kw name="Finalizando sessão" library="Base" type="TEARDOWN">
<kw name="Screenshot Name" library="Users">
<var>${shot_name}</var>
<msg timestamp="20220214 18:11:54.446" level="INFO">${shot_name} = 1e6953c2632f715f4f52dadc1ac71bf16cebc918</msg>
<status status="PASS" starttime="20220214 18:11:54.445" endtime="20220214 18:11:54.446"/>
</kw>
<kw name="Take Screenshot" library="Browser">
<arg>fullPage=True</arg>
<arg>filename=${shot_name}</arg>
<tag>PageContent</tag>
<doc>Takes a screenshot of the current window or element and saves it to disk.</doc>
<msg timestamp="20220214 18:11:56.731" level="INFO" html="true">&lt;/td&gt;&lt;/tr&gt;&lt;tr&gt;&lt;td colspan="3"&gt;&lt;a href="browser/screenshot/1e6953c2632f715f4f52dadc1ac71bf16cebc918.png"&gt;&lt;img src="browser/screenshot/1e6953c2632f715f4f52dadc1ac71bf16cebc918.png" width="800px"&gt;&lt;/a&gt;</msg>
<status status="PASS" starttime="20220214 18:11:54.446" endtime="20220214 18:11:56.731"/>
</kw>
<status status="PASS" starttime="20220214 18:11:54.444" endtime="20220214 18:11:56.731"/>
</kw>
<doc>CT para realização de login com dados válidos
e adicionar pelo menos 3 itens e validar carrinho</doc>
<tag>3_itens</tag>
<status status="FAIL" starttime="20220214 18:11:17.314" endtime="20220214 18:11:56.732">TimeoutError: page.waitForSelector: Timeout 8000ms exceeded.
=========================== logs ===========================
waiting for selector "//div[contains(text(),"Sauce Labs Bike Light")]//..//..//..//div[@class="inventory_item_price"]" to be visible
============================================================</status>
</test>
<doc>Minha primeira suíte de teste do site https://www.saucedemo.com/
Testando a primeira página.
https://www.saucedemo.com/</doc>
<status status="FAIL" starttime="20220214 18:11:16.243" endtime="20220214 18:11:56.977"/>
</suite>
<statistics>
<total>
<stat pass="0" fail="1" skip="0">All Tests</stat>
</total>
<tag>
<stat pass="0" fail="1" skip="0">3_itens</stat>
</tag>
<suite>
<stat pass="0" fail="1" skip="0" id="s1" name="User">User</stat>
</suite>
</statistics>
<errors>
</errors>
</robot>
