<?xml version="1.0" encoding="UTF-8"?>
<robot generator="Robot 4.1.1 (Python 3.9.7 on win32)" generated="20220214 18:24:18.552" rpa="false" schemaversion="2">
<suite id="s1" name="User" source="D:\qafullstack\Git\saucedemo\User.robot">
<test id="s1-t1" name="Realizar Login VÁLIDO e adicionar 3 itens">
<kw name="Iniciando sessão" library="Base" type="SETUP">
<kw name="New Browser" library="Browser">
<arg>Chromium</arg>
<arg>headless=False</arg>
<arg>slowMo=00:00:01</arg>
<tag>BrowserControl</tag>
<tag>Setter</tag>
<doc>Create a new playwright Browser with specified options.</doc>
<msg timestamp="20220214 18:24:20.400" level="INFO">{"browser": "chromium", "headless": false, "handleSIGINT": true, "handleSIGTERM": true, "handleSIGHUP": true, "timeout": 30000.0, "devtools": false, "slowMo": 1000.0, "tracesDir": "D:\\qafullstack\\Git\\saucedemo\\logs\\browser\\traces\\c22fc610-33eb-4aa9-9545-0803f1b52f8b"}</msg>
<msg timestamp="20220214 18:24:21.397" level="INFO">Successfully created browser with options: {"browser":"chromium","headless":false,"handleSIGINT":true,"handleSIGTERM":true,"handleSIGHUP":true,"timeout":30000,"devtools":false,"slowMo":1000,"tracesDir":"D:\\qafullstack\\Git\\saucedemo\\logs\\browser\\traces\\c22fc610-33eb-4aa9-9545-0803f1b52f8b"}</msg>
<status status="PASS" starttime="20220214 18:24:20.399" endtime="20220214 18:24:21.397"/>
</kw>
<kw name="New Page" library="Browser">
<arg>${BASE_URL}</arg>
<tag>BrowserControl</tag>
<tag>Setter</tag>
<doc>Open a new Page. A Page is the Playwright equivalent to a tab.
See `Browser, Context and Page` for more information about Page concept.
Returns a stable identifier for the created page.</doc>
<msg timestamp="20220214 18:24:24.490" level="INFO">Successfully initialized new page object and opened url: https://www.saucedemo.com</msg>
<msg timestamp="20220214 18:24:24.490" level="INFO">No context was open. New context was automatically opened when this page is created.</msg>
<status status="PASS" starttime="20220214 18:24:21.397" endtime="20220214 18:24:24.490"/>
</kw>
<kw name="Set Viewport Size" library="Browser">
<arg>1280</arg>
<arg>768</arg>
<tag>BrowserControl</tag>
<tag>Setter</tag>
<doc>Sets current Pages viewport size to specified dimensions.</doc>
<msg timestamp="20220214 18:24:25.513" level="INFO">Set viewport size to: [object Object]</msg>
<status status="PASS" starttime="20220214 18:24:24.491" endtime="20220214 18:24:25.513"/>
</kw>
<kw name="Get Title" library="Browser">
<arg>equal</arg>
<arg>Swag Labs</arg>
<tag>Assertion</tag>
<tag>Getter</tag>
<tag>PageContent</tag>
<doc>Returns the title of the current page.</doc>
<status status="PASS" starttime="20220214 18:24:25.513" endtime="20220214 18:24:25.523"/>
</kw>
<status status="PASS" starttime="20220214 18:24:20.399" endtime="20220214 18:24:25.523"/>
</kw>
<kw name="Factory Usuariook" library="Users">
<var>${user}</var>
<msg timestamp="20220214 18:24:25.524" level="INFO">${user} = {'name': 'standard_user', 'senha': 'secret_sauce'}</msg>
<status status="PASS" starttime="20220214 18:24:25.523" endtime="20220214 18:24:25.524"/>
</kw>
<kw name="Realizando login" library="Actions">
<arg>${user}</arg>
<tag>login</tag>
<kw name="Click" library="Browser">
<arg>id=user-name</arg>
<tag>PageContent</tag>
<tag>Setter</tag>
<doc>Simulates mouse click on the element found by ``selector``.</doc>
<status status="PASS" starttime="20220214 18:24:25.525" endtime="20220214 18:24:26.606"/>
</kw>
<kw name="Fill Text" library="Browser">
<arg>id=user-name</arg>
<arg>${user}[name]</arg>
<tag>PageContent</tag>
<tag>Setter</tag>
<doc>Clears and fills the given ``txt`` into the text field found by ``selector``.</doc>
<msg timestamp="20220214 18:24:26.607" level="INFO">Fills the text 'standard_user' in the given field.</msg>
<status status="PASS" starttime="20220214 18:24:26.606" endtime="20220214 18:24:27.635"/>
</kw>
<kw name="Click" library="Browser">
<arg>id=password</arg>
<tag>PageContent</tag>
<tag>Setter</tag>
<doc>Simulates mouse click on the element found by ``selector``.</doc>
<status status="PASS" starttime="20220214 18:24:27.636" endtime="20220214 18:24:28.681"/>
</kw>
<kw name="Fill Text" library="Browser">
<arg>id=password</arg>
<arg>${user}[senha]</arg>
<tag>PageContent</tag>
<tag>Setter</tag>
<doc>Clears and fills the given ``txt`` into the text field found by ``selector``.</doc>
<msg timestamp="20220214 18:24:28.682" level="INFO">Fills the text 'secret_sauce' in the given field.</msg>
<status status="PASS" starttime="20220214 18:24:28.681" endtime="20220214 18:24:29.705"/>
</kw>
<kw name="clicar botão de Login" library="Actions">
<kw name="Click" library="Browser">
<arg>id=login-button</arg>
<tag>PageContent</tag>
<tag>Setter</tag>
<doc>Simulates mouse click on the element found by ``selector``.</doc>
<status status="PASS" starttime="20220214 18:24:29.705" endtime="20220214 18:24:30.828"/>
</kw>
<status status="PASS" starttime="20220214 18:24:29.705" endtime="20220214 18:24:30.829"/>
</kw>
<status status="PASS" starttime="20220214 18:24:25.524" endtime="20220214 18:24:30.829"/>
</kw>
<kw name="Lista de produtos" library="Actions">
<arg>PRODUCTS</arg>
<kw name="Wait For Elements State" library="Browser">
<arg>css=.title</arg>
<arg>visible</arg>
<arg>5</arg>
<tag>PageContent</tag>
<tag>Wait</tag>
<doc>Waits for the element found by ``selector`` to satisfy state option.</doc>
<msg timestamp="20220214 18:24:30.864" level="INFO">Wait for Element with selector: css=.title</msg>
<status status="PASS" starttime="20220214 18:24:30.831" endtime="20220214 18:24:30.864"/>
</kw>
<kw name="Get Text" library="Browser">
<arg>css=.title</arg>
<arg>equal</arg>
<arg>${msg}</arg>
<tag>Assertion</tag>
<tag>Getter</tag>
<tag>PageContent</tag>
<doc>Returns text attribute of the element found by ``selector``.</doc>
<status status="PASS" starttime="20220214 18:24:30.865" endtime="20220214 18:24:30.887"/>
</kw>
<kw name="Wait For Elements State" library="Browser">
<arg>id=react-burger-menu-btn</arg>
<arg>visible</arg>
<arg>5</arg>
<tag>PageContent</tag>
<tag>Wait</tag>
<doc>Waits for the element found by ``selector`` to satisfy state option.</doc>
<msg timestamp="20220214 18:24:30.903" level="INFO">Wait for Element with selector: id=react-burger-menu-btn</msg>
<status status="PASS" starttime="20220214 18:24:30.887" endtime="20220214 18:24:30.903"/>
</kw>
<kw name="Wait For Elements State" library="Browser">
<arg>css=.peek</arg>
<arg>visible</arg>
<arg>5</arg>
<tag>PageContent</tag>
<tag>Wait</tag>
<doc>Waits for the element found by ``selector`` to satisfy state option.</doc>
<msg timestamp="20220214 18:24:30.919" level="INFO">Wait for Element with selector: css=.peek</msg>
<status status="PASS" starttime="20220214 18:24:30.903" endtime="20220214 18:24:30.919"/>
</kw>
<kw name="Wait For Elements State" library="Browser">
<arg>css=.product_sort_container</arg>
<arg>visible</arg>
<arg>5</arg>
<tag>PageContent</tag>
<tag>Wait</tag>
<doc>Waits for the element found by ``selector`` to satisfy state option.</doc>
<msg timestamp="20220214 18:24:30.933" level="INFO">Wait for Element with selector: css=.product_sort_container</msg>
<status status="PASS" starttime="20220214 18:24:30.919" endtime="20220214 18:24:30.934"/>
</kw>
<kw name="Get Text" library="Browser">
<arg>css=.active_option</arg>
<arg>equal</arg>
<arg>NAME (A TO Z)</arg>
<tag>Assertion</tag>
<tag>Getter</tag>
<tag>PageContent</tag>
<doc>Returns text attribute of the element found by ``selector``.</doc>
<status status="PASS" starttime="20220214 18:24:30.934" endtime="20220214 18:24:30.954"/>
</kw>
<kw name="Wait For Elements State" library="Browser">
<arg>css=.inventory_list</arg>
<arg>visible</arg>
<arg>5</arg>
<tag>PageContent</tag>
<tag>Wait</tag>
<doc>Waits for the element found by ``selector`` to satisfy state option.</doc>
<msg timestamp="20220214 18:24:30.971" level="INFO">Wait for Element with selector: css=.inventory_list</msg>
<status status="PASS" starttime="20220214 18:24:30.954" endtime="20220214 18:24:30.971"/>
</kw>
<kw name="Wait For Elements State" library="Browser">
<arg>//div[@class='inventory_container']</arg>
<arg>visible</arg>
<arg>5</arg>
<tag>PageContent</tag>
<tag>Wait</tag>
<doc>Waits for the element found by ``selector`` to satisfy state option.</doc>
<msg timestamp="20220214 18:24:30.984" level="INFO">Wait for Element with selector: //div[@class='inventory_container']</msg>
<status status="PASS" starttime="20220214 18:24:30.971" endtime="20220214 18:24:30.984"/>
</kw>
<status status="PASS" starttime="20220214 18:24:30.830" endtime="20220214 18:24:30.985"/>
</kw>
<kw name="Escolher o Produto" library="Actions">
<arg>Sauce Labs Fleece Jacket</arg>
<kw name="Wait For Elements State" library="Browser">
<arg>//div[@class="inventory_item_name"] &gt;&gt; text=${produto}</arg>
<arg>visible</arg>
<arg>5</arg>
<tag>PageContent</tag>
<tag>Wait</tag>
<doc>Waits for the element found by ``selector`` to satisfy state option.</doc>
<msg timestamp="20220214 18:24:31.004" level="INFO">Wait for Element with selector: //div[@class="inventory_item_name"] &gt;&gt; text=Sauce Labs Fleece Jacket</msg>
<status status="PASS" starttime="20220214 18:24:30.986" endtime="20220214 18:24:31.004"/>
</kw>
<kw name="Get Text" library="Browser">
<arg>//div[@class="inventory_item_name"] &gt;&gt; text=${produto}</arg>
<arg>equal</arg>
<arg>${produto}</arg>
<tag>Assertion</tag>
<tag>Getter</tag>
<tag>PageContent</tag>
<doc>Returns text attribute of the element found by ``selector``.</doc>
<status status="PASS" starttime="20220214 18:24:31.005" endtime="20220214 18:24:31.025"/>
</kw>
<kw name="Click" library="Browser">
<arg>//div[@class="inventory_item_name"] &gt;&gt; text=${produto}</arg>
<tag>PageContent</tag>
<tag>Setter</tag>
<doc>Simulates mouse click on the element found by ``selector``.</doc>
<status status="PASS" starttime="20220214 18:24:31.025" endtime="20220214 18:24:32.081"/>
</kw>
<status status="PASS" starttime="20220214 18:24:30.985" endtime="20220214 18:24:32.081"/>
</kw>
<kw name="clicar botão adicionar no carrinho" library="Actions">
<kw name="Click" library="Browser">
<arg>xpath=//button[@class='btn btn_primary btn_small btn_inventory'] &gt;&gt; text=Add to cart</arg>
<tag>PageContent</tag>
<tag>Setter</tag>
<doc>Simulates mouse click on the element found by ``selector``.</doc>
<status status="PASS" starttime="20220214 18:24:32.083" endtime="20220214 18:24:33.136"/>
</kw>
<status status="PASS" starttime="20220214 18:24:32.082" endtime="20220214 18:24:33.136"/>
</kw>
<kw name="clicar para voltar e listar todos os produtos" library="Actions">
<kw name="Click" library="Browser">
<arg>//button[@id='back-to-products']</arg>
<tag>PageContent</tag>
<tag>Setter</tag>
<doc>Simulates mouse click on the element found by ``selector``.</doc>
<status status="PASS" starttime="20220214 18:24:33.138" endtime="20220214 18:24:34.216"/>
</kw>
<status status="PASS" starttime="20220214 18:24:33.137" endtime="20220214 18:24:34.216"/>
</kw>
<kw name="Escolher o Produto" library="Actions">
<arg>Sauce Labs Onesie</arg>
<kw name="Wait For Elements State" library="Browser">
<arg>//div[@class="inventory_item_name"] &gt;&gt; text=${produto}</arg>
<arg>visible</arg>
<arg>5</arg>
<tag>PageContent</tag>
<tag>Wait</tag>
<doc>Waits for the element found by ``selector`` to satisfy state option.</doc>
<msg timestamp="20220214 18:24:34.241" level="INFO">Wait for Element with selector: //div[@class="inventory_item_name"] &gt;&gt; text=Sauce Labs Onesie</msg>
<status status="PASS" starttime="20220214 18:24:34.217" endtime="20220214 18:24:34.241"/>
</kw>
<kw name="Get Text" library="Browser">
<arg>//div[@class="inventory_item_name"] &gt;&gt; text=${produto}</arg>
<arg>equal</arg>
<arg>${produto}</arg>
<tag>Assertion</tag>
<tag>Getter</tag>
<tag>PageContent</tag>
<doc>Returns text attribute of the element found by ``selector``.</doc>
<status status="PASS" starttime="20220214 18:24:34.242" endtime="20220214 18:24:34.263"/>
</kw>
<kw name="Click" library="Browser">
<arg>//div[@class="inventory_item_name"] &gt;&gt; text=${produto}</arg>
<tag>PageContent</tag>
<tag>Setter</tag>
<doc>Simulates mouse click on the element found by ``selector``.</doc>
<status status="PASS" starttime="20220214 18:24:34.263" endtime="20220214 18:24:35.310"/>
</kw>
<status status="PASS" starttime="20220214 18:24:34.217" endtime="20220214 18:24:35.310"/>
</kw>
<kw name="clicar botão adicionar no carrinho" library="Actions">
<kw name="Click" library="Browser">
<arg>xpath=//button[@class='btn btn_primary btn_small btn_inventory'] &gt;&gt; text=Add to cart</arg>
<tag>PageContent</tag>
<tag>Setter</tag>
<doc>Simulates mouse click on the element found by ``selector``.</doc>
<status status="PASS" starttime="20220214 18:24:35.312" endtime="20220214 18:24:36.366"/>
</kw>
<status status="PASS" starttime="20220214 18:24:35.311" endtime="20220214 18:24:36.367"/>
</kw>
<kw name="clicar para voltar e listar todos os produtos" library="Actions">
<kw name="Click" library="Browser">
<arg>//button[@id='back-to-products']</arg>
<tag>PageContent</tag>
<tag>Setter</tag>
<doc>Simulates mouse click on the element found by ``selector``.</doc>
<status status="PASS" starttime="20220214 18:24:36.369" endtime="20220214 18:24:37.436"/>
</kw>
<status status="PASS" starttime="20220214 18:24:36.368" endtime="20220214 18:24:37.436"/>
</kw>
<kw name="Escolher o Produto" library="Actions">
<arg>Test.allTheThings() T-Shirt (Red)</arg>
<kw name="Wait For Elements State" library="Browser">
<arg>//div[@class="inventory_item_name"] &gt;&gt; text=${produto}</arg>
<arg>visible</arg>
<arg>5</arg>
<tag>PageContent</tag>
<tag>Wait</tag>
<doc>Waits for the element found by ``selector`` to satisfy state option.</doc>
<msg timestamp="20220214 18:24:37.458" level="INFO">Wait for Element with selector: //div[@class="inventory_item_name"] &gt;&gt; text=Test.allTheThings() T-Shirt (Red)</msg>
<status status="PASS" starttime="20220214 18:24:37.437" endtime="20220214 18:24:37.458"/>
</kw>
<kw name="Get Text" library="Browser">
<arg>//div[@class="inventory_item_name"] &gt;&gt; text=${produto}</arg>
<arg>equal</arg>
<arg>${produto}</arg>
<tag>Assertion</tag>
<tag>Getter</tag>
<tag>PageContent</tag>
<doc>Returns text attribute of the element found by ``selector``.</doc>
<status status="PASS" starttime="20220214 18:24:37.458" endtime="20220214 18:24:37.480"/>
</kw>
<kw name="Click" library="Browser">
<arg>//div[@class="inventory_item_name"] &gt;&gt; text=${produto}</arg>
<tag>PageContent</tag>
<tag>Setter</tag>
<doc>Simulates mouse click on the element found by ``selector``.</doc>
<status status="PASS" starttime="20220214 18:24:37.480" endtime="20220214 18:24:38.528"/>
</kw>
<status status="PASS" starttime="20220214 18:24:37.437" endtime="20220214 18:24:38.528"/>
</kw>
<kw name="clicar botão adicionar no carrinho" library="Actions">
<kw name="Click" library="Browser">
<arg>xpath=//button[@class='btn btn_primary btn_small btn_inventory'] &gt;&gt; text=Add to cart</arg>
<tag>PageContent</tag>
<tag>Setter</tag>
<doc>Simulates mouse click on the element found by ``selector``.</doc>
<status status="PASS" starttime="20220214 18:24:38.529" endtime="20220214 18:24:39.582"/>
</kw>
<status status="PASS" starttime="20220214 18:24:38.529" endtime="20220214 18:24:39.582"/>
</kw>
<kw name="clicar para voltar e listar todos os produtos" library="Actions">
<kw name="Click" library="Browser">
<arg>//button[@id='back-to-products']</arg>
<tag>PageContent</tag>
<tag>Setter</tag>
<doc>Simulates mouse click on the element found by ``selector``.</doc>
<status status="PASS" starttime="20220214 18:24:39.584" endtime="20220214 18:24:40.654"/>
</kw>
<status status="PASS" starttime="20220214 18:24:39.583" endtime="20220214 18:24:40.654"/>
</kw>
<kw name="clicar botão do carrinho" library="Actions">
<kw name="Click" library="Browser">
<arg>css=.shopping_cart_link</arg>
<tag>PageContent</tag>
<tag>Setter</tag>
<doc>Simulates mouse click on the element found by ``selector``.</doc>
<status status="PASS" starttime="20220214 18:24:40.655" endtime="20220214 18:24:41.710"/>
</kw>
<status status="PASS" starttime="20220214 18:24:40.655" endtime="20220214 18:24:41.711"/>
</kw>
<kw name="Validar quantidade no carrinho" library="Actions">
<arg>3</arg>
<kw name="Get Element Count" library="Browser">
<arg>//div[@class='cart_item']</arg>
<arg>equal</arg>
<arg>${quantidade}</arg>
<tag>Assertion</tag>
<tag>Getter</tag>
<tag>PageContent</tag>
<doc>Returns the count of elements found with ``selector``.</doc>
<status status="PASS" starttime="20220214 18:24:41.712" endtime="20220214 18:24:41.727"/>
</kw>
<status status="PASS" starttime="20220214 18:24:41.711" endtime="20220214 18:24:41.728"/>
</kw>
<kw name="Clicar em realizar checkout" library="Actions">
<kw name="Wait For Elements State" library="Browser">
<arg>id=checkout</arg>
<arg>visible</arg>
<arg>5</arg>
<tag>PageContent</tag>
<tag>Wait</tag>
<doc>Waits for the element found by ``selector`` to satisfy state option.</doc>
<msg timestamp="20220214 18:24:41.742" level="INFO">Wait for Element with selector: id=checkout</msg>
<status status="PASS" starttime="20220214 18:24:41.729" endtime="20220214 18:24:41.743"/>
</kw>
<kw name="Get Text" library="Browser">
<arg>id=checkout &gt;&gt; text=Checkout</arg>
<tag>Assertion</tag>
<tag>Getter</tag>
<tag>PageContent</tag>
<doc>Returns text attribute of the element found by ``selector``.</doc>
<status status="PASS" starttime="20220214 18:24:41.743" endtime="20220214 18:24:41.764"/>
</kw>
<kw name="Click" library="Browser">
<arg>id=checkout</arg>
<tag>PageContent</tag>
<tag>Setter</tag>
<doc>Simulates mouse click on the element found by ``selector``.</doc>
<status status="PASS" starttime="20220214 18:24:41.764" endtime="20220214 18:24:42.825"/>
</kw>
<kw name="Wait For Elements State" library="Browser">
<arg>id=first-name</arg>
<arg>visible</arg>
<arg>5</arg>
<tag>PageContent</tag>
<tag>Wait</tag>
<doc>Waits for the element found by ``selector`` to satisfy state option.</doc>
<msg timestamp="20220214 18:24:42.850" level="INFO">Wait for Element with selector: id=first-name</msg>
<status status="PASS" starttime="20220214 18:24:42.825" endtime="20220214 18:24:42.850"/>
</kw>
<status status="PASS" starttime="20220214 18:24:41.728" endtime="20220214 18:24:42.850"/>
</kw>
<kw name="Preencher formulário de checkout" library="Actions">
<kw name="Click" library="Browser">
<arg>id=first-name</arg>
<tag>PageContent</tag>
<tag>Setter</tag>
<doc>Simulates mouse click on the element found by ``selector``.</doc>
<status status="PASS" starttime="20220214 18:24:42.852" endtime="20220214 18:24:43.892"/>
</kw>
<kw name="Fill Text" library="Browser">
<arg>id=first-name</arg>
<arg>Paula</arg>
<tag>PageContent</tag>
<tag>Setter</tag>
<doc>Clears and fills the given ``txt`` into the text field found by ``selector``.</doc>
<msg timestamp="20220214 18:24:43.893" level="INFO">Fills the text 'Paula' in the given field.</msg>
<status status="PASS" starttime="20220214 18:24:43.893" endtime="20220214 18:24:44.929"/>
</kw>
<kw name="Click" library="Browser">
<arg>id=last-name</arg>
<tag>PageContent</tag>
<tag>Setter</tag>
<doc>Simulates mouse click on the element found by ``selector``.</doc>
<status status="PASS" starttime="20220214 18:24:44.930" endtime="20220214 18:24:45.977"/>
</kw>
<kw name="Fill Text" library="Browser">
<arg>id=last-name</arg>
<arg>Onofre</arg>
<tag>PageContent</tag>
<tag>Setter</tag>
<doc>Clears and fills the given ``txt`` into the text field found by ``selector``.</doc>
<msg timestamp="20220214 18:24:45.977" level="INFO">Fills the text 'Onofre' in the given field.</msg>
<status status="PASS" starttime="20220214 18:24:45.977" endtime="20220214 18:24:47.010"/>
</kw>
<kw name="Click" library="Browser">
<arg>id=postal-code</arg>
<tag>PageContent</tag>
<tag>Setter</tag>
<doc>Simulates mouse click on the element found by ``selector``.</doc>
<status status="PASS" starttime="20220214 18:24:47.011" endtime="20220214 18:24:48.061"/>
</kw>
<kw name="Fill Text" library="Browser">
<arg>id=postal-code</arg>
<arg>58000000</arg>
<tag>PageContent</tag>
<tag>Setter</tag>
<doc>Clears and fills the given ``txt`` into the text field found by ``selector``.</doc>
<msg timestamp="20220214 18:24:48.061" level="INFO">Fills the text '58000000' in the given field.</msg>
<status status="PASS" starttime="20220214 18:24:48.061" endtime="20220214 18:24:49.094"/>
</kw>
<status status="PASS" starttime="20220214 18:24:42.851" endtime="20220214 18:24:49.095"/>
</kw>
<kw name="clicar no botão continue" library="Actions">
<kw name="Click" library="Browser">
<arg>//input[@id='continue']</arg>
<tag>PageContent</tag>
<tag>Setter</tag>
<doc>Simulates mouse click on the element found by ``selector``.</doc>
<status status="PASS" starttime="20220214 18:24:49.098" endtime="20220214 18:24:50.172"/>
</kw>
<status status="PASS" starttime="20220214 18:24:49.096" endtime="20220214 18:24:50.172"/>
</kw>
<kw name="validar recibo de pagamento" library="Actions">
<kw name="Wait For Elements State" library="Browser">
<arg>//div[@class='summary_info_label'][1]</arg>
<arg>visible</arg>
<arg>5</arg>
<tag>PageContent</tag>
<tag>Wait</tag>
<doc>Waits for the element found by ``selector`` to satisfy state option.</doc>
<msg timestamp="20220214 18:24:50.196" level="INFO">Wait for Element with selector: //div[@class='summary_info_label'][1]</msg>
<status status="PASS" starttime="20220214 18:24:50.174" endtime="20220214 18:24:50.197"/>
</kw>
<kw name="Get Text" library="Browser">
<arg>//div[@class='summary_info_label'][1]</arg>
<arg>equal</arg>
<arg>Payment Information:</arg>
<tag>Assertion</tag>
<tag>Getter</tag>
<tag>PageContent</tag>
<doc>Returns text attribute of the element found by ``selector``.</doc>
<status status="PASS" starttime="20220214 18:24:50.197" endtime="20220214 18:24:50.220"/>
</kw>
<kw name="Get Text" library="Browser">
<arg>//div[@class='summary_value_label'][1]</arg>
<arg>contains</arg>
<arg>SauceCard #31337</arg>
<tag>Assertion</tag>
<tag>Getter</tag>
<tag>PageContent</tag>
<doc>Returns text attribute of the element found by ``selector``.</doc>
<status status="PASS" starttime="20220214 18:24:50.220" endtime="20220214 18:24:50.237"/>
</kw>
<kw name="Get Text" library="Browser">
<arg>//div[@class='summary_info_label'][2]</arg>
<arg>equal</arg>
<arg>Shipping Information:</arg>
<tag>Assertion</tag>
<tag>Getter</tag>
<tag>PageContent</tag>
<doc>Returns text attribute of the element found by ``selector``.</doc>
<status status="PASS" starttime="20220214 18:24:50.238" endtime="20220214 18:24:50.258"/>
</kw>
<kw name="Get Text" library="Browser">
<arg>//div[@class='summary_value_label'][2]</arg>
<arg>equal</arg>
<arg>FREE PONY EXPRESS DELIVERY!</arg>
<tag>Assertion</tag>
<tag>Getter</tag>
<tag>PageContent</tag>
<doc>Returns text attribute of the element found by ``selector``.</doc>
<status status="PASS" starttime="20220214 18:24:50.258" endtime="20220214 18:24:50.276"/>
</kw>
<kw name="Get Text" library="Browser">
<arg>css=.summary_tax_label</arg>
<arg>contains</arg>
<arg>Tax: $</arg>
<tag>Assertion</tag>
<tag>Getter</tag>
<tag>PageContent</tag>
<doc>Returns text attribute of the element found by ``selector``.</doc>
<status status="PASS" starttime="20220214 18:24:50.276" endtime="20220214 18:24:50.298"/>
</kw>
<kw name="Get Text" library="Browser">
<arg>css=.summary_total_label</arg>
<arg>contains</arg>
<arg>Total: $</arg>
<tag>Assertion</tag>
<tag>Getter</tag>
<tag>PageContent</tag>
<doc>Returns text attribute of the element found by ``selector``.</doc>
<status status="PASS" starttime="20220214 18:24:50.298" endtime="20220214 18:24:50.316"/>
</kw>
<kw name="Wait For Elements State" library="Browser">
<arg>//div[contains(text(),"Sauce Labs Bike Light")]//..//..//..//div[@class="inventory_item_price"]</arg>
<arg>visible</arg>
<arg>8</arg>
<tag>PageContent</tag>
<tag>Wait</tag>
<doc>Waits for the element found by ``selector`` to satisfy state option.</doc>
<msg timestamp="20220214 18:24:58.502" level="INFO" html="true">&lt;/td&gt;&lt;/tr&gt;&lt;tr&gt;&lt;td colspan="3"&gt;&lt;a href="browser/screenshot/fail-screenshot-1.png"&gt;&lt;img src="browser/screenshot/fail-screenshot-1.png" width="800px"&gt;&lt;/a&gt;</msg>
<msg timestamp="20220214 18:24:58.554" level="FAIL">TimeoutError: page.waitForSelector: Timeout 8000ms exceeded.
=========================== logs ===========================
waiting for selector "//div[contains(text(),"Sauce Labs Bike Light")]//..//..//..//div[@class="inventory_item_price"]" to be visible
============================================================</msg>
<status status="FAIL" starttime="20220214 18:24:50.317" endtime="20220214 18:24:58.554"/>
</kw>
<kw name="Get Text" library="Browser">
<var>${Item001}</var>
<arg>xpath=//div[contains(text(),"Sauce Labs Bike Light")]//..//..//..//div[@class="inventory_item_price"]</arg>
<tag>Assertion</tag>
<tag>Getter</tag>
<tag>PageContent</tag>
<doc>Returns text attribute of the element found by ``selector``.</doc>
<status status="NOT RUN" starttime="20220214 18:24:58.555" endtime="20220214 18:24:58.555"/>
</kw>
<kw name="Get Text" library="Browser">
<var>${Item002}</var>
<arg>xpath=//div[contains(text(),"Test.allTheThings() T-Shirt (Red)")]//..//..//..//div[@class="inventory_item_price"]</arg>
<tag>Assertion</tag>
<tag>Getter</tag>
<tag>PageContent</tag>
<doc>Returns text attribute of the element found by ``selector``.</doc>
<status status="NOT RUN" starttime="20220214 18:24:58.555" endtime="20220214 18:24:58.555"/>
</kw>
<kw name="Get Text" library="Browser">
<var>${Item003}</var>
<arg>xpath=//div[contains(text(),"Sauce Labs Backpack")]//..//..//..//div[@class="inventory_item_price"]</arg>
<tag>Assertion</tag>
<tag>Getter</tag>
<tag>PageContent</tag>
<doc>Returns text attribute of the element found by ``selector``.</doc>
<status status="NOT RUN" starttime="20220214 18:24:58.555" endtime="20220214 18:24:58.555"/>
</kw>
<kw name="Log To Console" library="BuiltIn">
<arg>bb</arg>
<doc>Logs the given message to the console.</doc>
<status status="NOT RUN" starttime="20220214 18:24:58.555" endtime="20220214 18:24:58.555"/>
</kw>
<kw name="Replace String" library="String">
<var>${var001}</var>
<arg>${Item001}</arg>
<arg>$</arg>
<arg>${EMPTY}</arg>
<doc>Replaces ``search_for`` in the given ``string`` with ``replace_with``.</doc>
<status status="NOT RUN" starttime="20220214 18:24:58.555" endtime="20220214 18:24:58.555"/>
</kw>
<kw name="Log To Console" library="BuiltIn">
<arg>ccc</arg>
<doc>Logs the given message to the console.</doc>
<status status="NOT RUN" starttime="20220214 18:24:58.555" endtime="20220214 18:24:58.555"/>
</kw>
<kw name="Replace String" library="String">
<var>${var002}</var>
<arg>${Item002}</arg>
<arg>$</arg>
<arg>${EMPTY}</arg>
<doc>Replaces ``search_for`` in the given ``string`` with ``replace_with``.</doc>
<status status="NOT RUN" starttime="20220214 18:24:58.556" endtime="20220214 18:24:58.556"/>
</kw>
<kw name="Replace String" library="String">
<var>${var003}</var>
<arg>${Item003}</arg>
<arg>$</arg>
<arg>${EMPTY}</arg>
<doc>Replaces ``search_for`` in the given ``string`` with ``replace_with``.</doc>
<status status="NOT RUN" starttime="20220214 18:24:58.556" endtime="20220214 18:24:58.556"/>
</kw>
<kw name="Evaluate" library="BuiltIn">
<var>${SOMA}</var>
<arg>float(${Item001}) + float(${Item002} + float(${Item003})</arg>
<doc>Evaluates the given expression in Python and returns the result.</doc>
<status status="NOT RUN" starttime="20220214 18:24:58.556" endtime="20220214 18:24:58.556"/>
</kw>
<kw name="Log To Console" library="BuiltIn">
<arg>44444</arg>
<doc>Logs the given message to the console.</doc>
<status status="NOT RUN" starttime="20220214 18:24:58.556" endtime="20220214 18:24:58.557"/>
</kw>
<kw name="Log To Console" library="BuiltIn">
<arg>A soma desses infeliz:${SOMA}</arg>
<doc>Logs the given message to the console.</doc>
<status status="NOT RUN" starttime="20220214 18:24:58.557" endtime="20220214 18:24:58.557"/>
</kw>
<status status="FAIL" starttime="20220214 18:24:50.173" endtime="20220214 18:24:58.557"/>
</kw>
<kw name="Finalizando sessão" library="Base" type="TEARDOWN">
<kw name="Screenshot Name" library="Users">
<var>${shot_name}</var>
<msg timestamp="20220214 18:24:58.559" level="INFO">${shot_name} = cd6435e060a5e447564272778256f5992079bba8</msg>
<status status="PASS" starttime="20220214 18:24:58.559" endtime="20220214 18:24:58.559"/>
</kw>
<kw name="Take Screenshot" library="Browser">
<arg>fullPage=True</arg>
<arg>filename=${shot_name}</arg>
<tag>PageContent</tag>
<doc>Takes a screenshot of the current window or element and saves it to disk.</doc>
<msg timestamp="20220214 18:25:00.826" level="INFO" html="true">&lt;/td&gt;&lt;/tr&gt;&lt;tr&gt;&lt;td colspan="3"&gt;&lt;a href="browser/screenshot/cd6435e060a5e447564272778256f5992079bba8.png"&gt;&lt;img src="browser/screenshot/cd6435e060a5e447564272778256f5992079bba8.png" width="800px"&gt;&lt;/a&gt;</msg>
<status status="PASS" starttime="20220214 18:24:58.559" endtime="20220214 18:25:00.826"/>
</kw>
<status status="PASS" starttime="20220214 18:24:58.558" endtime="20220214 18:25:00.827"/>
</kw>
<doc>CT para realização de login com dados válidos
e adicionar pelo menos 3 itens e validar carrinho</doc>
<tag>3_itens</tag>
<status status="FAIL" starttime="20220214 18:24:20.395" endtime="20220214 18:25:00.828">TimeoutError: page.waitForSelector: Timeout 8000ms exceeded.
=========================== logs ===========================
waiting for selector "//div[contains(text(),"Sauce Labs Bike Light")]//..//..//..//div[@class="inventory_item_price"]" to be visible
============================================================</status>
</test>
<doc>Minha primeira suíte de teste do site https://www.saucedemo.com/
Testando a primeira página.
https://www.saucedemo.com/</doc>
<status status="FAIL" starttime="20220214 18:24:18.554" endtime="20220214 18:25:01.087"/>
</suite>
<statistics>
<total>
<stat pass="0" fail="1" skip="0">All Tests</stat>
</total>
<tag>
<stat pass="0" fail="1" skip="0">3_itens</stat>
</tag>
<suite>
<stat pass="0" fail="1" skip="0" id="s1" name="User">User</stat>
</suite>
</statistics>
<errors>
</errors>
</robot>
